<?xml version="1.0" encoding="UTF-8"?>
<!-- Generated by org.testng.reporters.JUnitReportReporter -->
<testsuite skipped="0" hostname="MYITHW000038" name="Testing.Testing.Testing" tests="4" failures="0" timestamp="13 Aug 2018 07:12:59 GMT" time="0.798" errors="0">
  <testcase name="updateExcel" time="0.048" classname="Testing.Testing.Testing"/>
  <testcase name="createExcel" time="0.573" classname="Testing.Testing.Testing"/>
  <testcase name="readExcel" time="0.121" classname="Testing.Testing.Testing"/>
  <testcase name="AddDataToExcel" time="0.056" classname="Testing.Testing.Testing"/>
</testsuite> <!-- Testing.Testing.Testing -->
