<?xml version="1.0" encoding="UTF-8"?>
<!-- Generated by org.testng.reporters.JUnitReportReporter -->
<testsuite skipped="0" hostname="MYITHW000038" name="com.jdbc.MySqlConnection" tests="1" failures="0" timestamp="06 Sep 2018 10:28:40 GMT" time="0.272" errors="0">
  <testcase name="dbConnection" time="0.272" classname="com.jdbc.MySqlConnection"/>
</testsuite> <!-- com.jdbc.MySqlConnection -->
