<?xml version="1.0" encoding="UTF-8"?>
<!-- Generated by org.testng.reporters.JUnitReportReporter -->
<testsuite skipped="0" hostname="MYITHW000038" name="Testing.Testing.Testing" tests="4" failures="0" timestamp="13 Aug 2018 09:32:12 GMT" time="0.847" errors="0">
  <testcase name="updateExcel" time="0.063" classname="Testing.Testing.Testing"/>
  <testcase name="appendDataToExcel" time="0.110" classname="Testing.Testing.Testing"/>
  <testcase name="readExcel" time="0.111" classname="Testing.Testing.Testing"/>
  <testcase name="createExcel" time="0.563" classname="Testing.Testing.Testing"/>
</testsuite> <!-- Testing.Testing.Testing -->
