<?xml version="1.0" encoding="UTF-8"?>
<!-- Generated by org.testng.reporters.JUnitReportReporter -->
<testsuite skipped="0" hostname="MYITHW000038" name="Testing.Testing.Testing" tests="4" failures="0" timestamp="06 Sep 2018 10:28:40 GMT" time="0.844" errors="0">
  <testcase name="createExcel" time="0.572" classname="Testing.Testing.Testing"/>
  <testcase name="updateExcel" time="0.059" classname="Testing.Testing.Testing"/>
  <testcase name="readExcel" time="0.117" classname="Testing.Testing.Testing"/>
  <testcase name="appendDataToExcel" time="0.096" classname="Testing.Testing.Testing"/>
</testsuite> <!-- Testing.Testing.Testing -->
